<?xml version="1.0" encoding="UTF-8"?>
<!-- Generated by org.testng.reporters.JUnitXMLReporter -->
<testsuite ignored="0" hostname="edulab3" failures="0" tests="8" name="Default test" time="0.07" errors="0" timestamp="2023-06-10T12:41:59 IST">
  <testcase classname="com.beforeannotation.TestAnnotationBeforeTest" name="beforeMethod" time="0.011"/>
  <testcase classname="com.beforeannotation.TestAnnotationBeforeTest" name="testMethodTwo" time="0.003"/>
  <testcase classname="com.beforeannotation.TestAnnotationBeforeSuite" name="beforeMethod" time="0.001"/>
  <testcase classname="com.beforeannotation.TestAnnotationBeforeSuite" name="testMethodTwo" time="0.002"/>
  <testcase classname="com.beforeannotation.TestAnnotationBeforeClass" name="beforeMethod" time="0.001"/>
  <testcase classname="com.beforeannotation.TestAnnotationBeforeClass" name="testMethodTwo" time="0.0"/>
  <testcase classname="com.beforeannotation.TestAnnotationBeforeMethod" name="testMethodOne" time="0.0"/>
  <testcase classname="com.beforeannotation.TestAnnotationBeforeMethod" name="testMethodTwo" time="0.0"/>
</testsuite> <!-- Default test -->
