<?xml version="1.0" encoding="UTF-8"?>
<testng-results ignored="0" total="8" passed="8" failed="0" skipped="0">
  <reporter-output>
  </reporter-output>
  <suite started-at="2023-06-10T12:41:59 IST" name="Default suite" finished-at="2023-06-10T12:41:59 IST" duration-ms="70">
    <groups>
    </groups>
    <test started-at="2023-06-10T12:41:59 IST" name="Default test" finished-at="2023-06-10T12:41:59 IST" duration-ms="70">
      <class name="com.beforeannotation.TestAnnotationBeforeTest">
        <test-method is-config="true" signature="testMethodOne()[pri:0, instance:com.beforeannotation.TestAnnotationBeforeTest@41fecb8b]" started-at="2023-06-10T12:41:59 IST" name="testMethodOne" finished-at="2023-06-10T12:41:59 IST" duration-ms="1" status="PASS">
          <reporter-output>
          </reporter-output>
        </test-method> <!-- testMethodOne -->
        <test-method signature="beforeMethod()[pri:0, instance:com.beforeannotation.TestAnnotationBeforeTest@41fecb8b]" started-at="2023-06-10T12:41:59 IST" name="beforeMethod" finished-at="2023-06-10T12:41:59 IST" duration-ms="11" status="PASS">
          <reporter-output>
          </reporter-output>
        </test-method> <!-- beforeMethod -->
        <test-method signature="testMethodTwo()[pri:0, instance:com.beforeannotation.TestAnnotationBeforeTest@41fecb8b]" started-at="2023-06-10T12:41:59 IST" name="testMethodTwo" finished-at="2023-06-10T12:41:59 IST" duration-ms="3" status="PASS">
          <reporter-output>
          </reporter-output>
        </test-method> <!-- testMethodTwo -->
      </class> <!-- com.beforeannotation.TestAnnotationBeforeTest -->
      <class name="com.beforeannotation.TestAnnotationBeforeSuite">
        <test-method is-config="true" signature="testMethodOne()[pri:0, instance:com.beforeannotation.TestAnnotationBeforeSuite@1a4013]" started-at="2023-06-10T12:41:59 IST" name="testMethodOne" finished-at="2023-06-10T12:41:59 IST" duration-ms="6" status="PASS">
          <reporter-output>
          </reporter-output>
        </test-method> <!-- testMethodOne -->
        <test-method signature="beforeMethod()[pri:0, instance:com.beforeannotation.TestAnnotationBeforeSuite@1a4013]" started-at="2023-06-10T12:41:59 IST" name="beforeMethod" finished-at="2023-06-10T12:41:59 IST" duration-ms="1" status="PASS">
          <reporter-output>
          </reporter-output>
        </test-method> <!-- beforeMethod -->
        <test-method signature="testMethodTwo()[pri:0, instance:com.beforeannotation.TestAnnotationBeforeSuite@1a4013]" started-at="2023-06-10T12:41:59 IST" name="testMethodTwo" finished-at="2023-06-10T12:41:59 IST" duration-ms="2" status="PASS">
          <reporter-output>
          </reporter-output>
        </test-method> <!-- testMethodTwo -->
      </class> <!-- com.beforeannotation.TestAnnotationBeforeSuite -->
      <class name="com.beforeannotation.TestAnnotationBeforeClass">
        <test-method is-config="true" signature="testMethodOne()[pri:0, instance:com.beforeannotation.TestAnnotationBeforeClass@1b6e1eff]" started-at="2023-06-10T12:41:59 IST" name="testMethodOne" finished-at="2023-06-10T12:41:59 IST" duration-ms="0" status="PASS">
          <reporter-output>
          </reporter-output>
        </test-method> <!-- testMethodOne -->
        <test-method signature="beforeMethod()[pri:0, instance:com.beforeannotation.TestAnnotationBeforeClass@1b6e1eff]" started-at="2023-06-10T12:41:59 IST" name="beforeMethod" finished-at="2023-06-10T12:41:59 IST" duration-ms="1" status="PASS">
          <reporter-output>
          </reporter-output>
        </test-method> <!-- beforeMethod -->
        <test-method signature="testMethodTwo()[pri:0, instance:com.beforeannotation.TestAnnotationBeforeClass@1b6e1eff]" started-at="2023-06-10T12:41:59 IST" name="testMethodTwo" finished-at="2023-06-10T12:41:59 IST" duration-ms="0" status="PASS">
          <reporter-output>
          </reporter-output>
        </test-method> <!-- testMethodTwo -->
      </class> <!-- com.beforeannotation.TestAnnotationBeforeClass -->
      <class name="com.beforeannotation.TestAnnotationBeforeMethod">
        <test-method is-config="true" signature="beforeMethod()[pri:0, instance:com.beforeannotation.TestAnnotationBeforeMethod@22e357dc]" started-at="2023-06-10T12:41:59 IST" name="beforeMethod" finished-at="2023-06-10T12:41:59 IST" duration-ms="0" status="PASS">
          <reporter-output>
          </reporter-output>
        </test-method> <!-- beforeMethod -->
        <test-method signature="testMethodOne()[pri:0, instance:com.beforeannotation.TestAnnotationBeforeMethod@22e357dc]" started-at="2023-06-10T12:41:59 IST" name="testMethodOne" finished-at="2023-06-10T12:41:59 IST" duration-ms="0" status="PASS">
          <reporter-output>
          </reporter-output>
        </test-method> <!-- testMethodOne -->
        <test-method is-config="true" signature="beforeMethod()[pri:0, instance:com.beforeannotation.TestAnnotationBeforeMethod@22e357dc]" started-at="2023-06-10T12:41:59 IST" name="beforeMethod" finished-at="2023-06-10T12:41:59 IST" duration-ms="0" status="PASS">
          <reporter-output>
          </reporter-output>
        </test-method> <!-- beforeMethod -->
        <test-method signature="testMethodTwo()[pri:0, instance:com.beforeannotation.TestAnnotationBeforeMethod@22e357dc]" started-at="2023-06-10T12:41:59 IST" name="testMethodTwo" finished-at="2023-06-10T12:41:59 IST" duration-ms="0" status="PASS">
          <reporter-output>
          </reporter-output>
        </test-method> <!-- testMethodTwo -->
      </class> <!-- com.beforeannotation.TestAnnotationBeforeMethod -->
    </test> <!-- Default test -->
  </suite> <!-- Default suite -->
</testng-results>
